[2016-01-28 08:52:17] production.ERROR: exception 'ErrorException' with message 'Use of undefined constant name - assumed 'name'' in /var/www/html/EmployeeManagement-master/storage/framework/views/f9ae19963285e64fcb8803d1272677de9e6ee1f6.php:8
Stack trace:
#0 /var/www/html/EmployeeManagement-master/storage/framework/views/f9ae19963285e64fcb8803d1272677de9e6ee1f6.php(8): Illuminate\Foundation\Bootstrap\HandleExceptions->handleError(8, 'Use of undefine...', '/var/www/html/E...', 8, Array)
#1 /var/www/html/EmployeeManagement-master/vendor/laravel/framework/src/Illuminate/View/Engines/PhpEngine.php(42): include('/var/www/html/E...')
#2 /var/www/html/EmployeeManagement-master/vendor/laravel/framework/src/Illuminate/View/Engines/CompilerEngine.php(59): Illuminate\View\Engines\PhpEngine->evaluatePath('/var/www/html/E...', Array)
#3 /var/www/html/EmployeeManagement-master/vendor/laravel/framework/src/Illuminate/View/View.php(135): Illuminate\View\Engines\CompilerEngine->get('/var/www/html/E...', Array)
#4 /var/www/html/EmployeeManagement-master/vendor/laravel/framework/src/Illuminate/View/View.php(106): Illuminate\View\View->getContents()
#5 /var/www/html/EmployeeManagement-master/vendor/laravel/framework/src/Illuminate/View/View.php(80): Illuminate\View\View->renderContents()
#6 /var/www/html/EmployeeManagement-master/vendor/laravel/framework/src/Illuminate/Http/Response.php(53): Illuminate\View\View->render()
#7 /var/www/html/EmployeeManagement-master/vendor/symfony/http-foundation/Response.php(197): Illuminate\Http\Response->setContent(Object(Illuminate\View\View))
#8 /var/www/html/EmployeeManagement-master/vendor/laravel/framework/src/Illuminate/Routing/Router.php(1030): Symfony\Component\HttpFoundation\Response->__construct(Object(Illuminate\View\View))
#9 /var/www/html/EmployeeManagement-master/vendor/laravel/framework/src/Illuminate/Routing/ControllerDispatcher.php(95): Illuminate\Routing\Router->prepareResponse(Object(Illuminate\Http\Request), Object(Illuminate\View\View))
#10 [internal function]: Illuminate\Routing\ControllerDispatcher->Illuminate\Routing\{closure}(Object(Illuminate\Http\Request))
#11 /var/www/html/EmployeeManagement-master/vendor/laravel/framework/src/Illuminate/Routing/Pipeline.php(52): call_user_func(Object(Closure), Object(Illuminate\Http\Request))
#12 [internal function]: Illuminate\Routing\Pipeline->Illuminate\Routing\{closure}(Object(Illuminate\Http\Request))
#13 /var/www/html/EmployeeManagement-master/vendor/laravel/framework/src/Illuminate/Pipeline/Pipeline.php(103): call_user_func(Object(Closure), Object(Illuminate\Http\Request))
#14 /var/www/html/EmployeeManagement-master/vendor/laravel/framework/src/Illuminate/Routing/ControllerDispatcher.php(96): Illuminate\Pipeline\Pipeline->then(Object(Closure))
#15 /var/www/html/EmployeeManagement-master/vendor/laravel/framework/src/Illuminate/Routing/ControllerDispatcher.php(54): Illuminate\Routing\ControllerDispatcher->callWithinStack(Object(App\Http\Controllers\HomeController), Object(Illuminate\Routing\Route), Object(Illuminate\Http\Request), 'test')
#16 /var/www/html/EmployeeManagement-master/vendor/laravel/framework/src/Illuminate/Routing/Route.php(174): Illuminate\Routing\ControllerDispatcher->dispatch(Object(Illuminate\Routing\Route), Object(Illuminate\Http\Request), 'App\\Http\\Contro...', 'test')
#17 /var/www/html/EmployeeManagement-master/vendor/laravel/framework/src/Illuminate/Routing/Route.php(140): Illuminate\Routing\Route->runController(Object(Illuminate\Http\Request))
#18 /var/www/html/EmployeeManagement-master/vendor/laravel/framework/src/Illuminate/Routing/Router.php(703): Illuminate\Routing\Route->run(Object(Illuminate\Http\Request))
#19 [internal function]: Illuminate\Routing\Router->Illuminate\Routing\{closure}(Object(Illuminate\Http\Request))
#20 /var/www/html/EmployeeManagement-master/vendor/laravel/framework/src/Illuminate/Routing/Pipeline.php(52): call_user_func(Object(Closure), Object(Illuminate\Http\Request))
#21 [internal function]: Illuminate\Routing\Pipeline->Illuminate\Routing\{closure}(Object(Illuminate\Http\Request))
#22 /var/www/html/EmployeeManagement-master/vendor/laravel/framework/src/Illuminate/Pipeline/Pipeline.php(103): call_user_func(Object(Closure), Object(Illuminate\Http\Request))
#23 /var/www/html/EmployeeManagement-master/vendor/laravel/framework/src/Illuminate/Routing/Router.php(705): Illuminate\Pipeline\Pipeline->then(Object(Closure))
#24 /var/www/html/EmployeeManagement-master/vendor/laravel/framework/src/Illuminate/Routing/Router.php(678): Illuminate\Routing\Router->runRouteWithinStack(Object(Illuminate\Routing\Route), Object(Illuminate\Http\Request))
#25 /var/www/html/EmployeeManagement-master/vendor/laravel/framework/src/Illuminate/Routing/Router.php(654): Illuminate\Routing\Router->dispatchToRoute(Object(Illuminate\Http\Request))
#26 /var/www/html/EmployeeManagement-master/vendor/laravel/framework/src/Illuminate/Foundation/Http/Kernel.php(246): Illuminate\Routing\Router->dispatch(Object(Illuminate\Http\Request))
#27 [internal function]: Illuminate\Foundation\Http\Kernel->Illuminate\Foundation\Http\{closure}(Object(Illuminate\Http\Request))
#28 /var/www/html/EmployeeManagement-master/vendor/laravel/framework/src/Illuminate/Routing/Pipeline.php(52): call_user_func(Object(Closure), Object(Illuminate\Http\Request))
#29 /var/www/html/EmployeeManagement-master/vendor/laravel/framework/src/Illuminate/Foundation/Http/Middleware/CheckForMaintenanceMode.php(44): Illuminate\Routing\Pipeline->Illuminate\Routing\{closure}(Object(Illuminate\Http\Request))
#30 [internal function]: Illuminate\Foundation\Http\Middleware\CheckForMaintenanceMode->handle(Object(Illuminate\Http\Request), Object(Closure))
#31 /var/www/html/EmployeeManagement-master/vendor/laravel/framework/src/Illuminate/Pipeline/Pipeline.php(124): call_user_func_array(Array, Array)
#32 [internal function]: Illuminate\Pipeline\Pipeline->Illuminate\Pipeline\{closure}(Object(Illuminate\Http\Request))
#33 /var/www/html/EmployeeManagement-master/vendor/laravel/framework/src/Illuminate/Routing/Pipeline.php(32): call_user_func(Object(Closure), Object(Illuminate\Http\Request))
#34 [internal function]: Illuminate\Routing\Pipeline->Illuminate\Routing\{closure}(Object(Illuminate\Http\Request))
#35 /var/www/html/EmployeeManagement-master/vendor/laravel/framework/src/Illuminate/Pipeline/Pipeline.php(103): call_user_func(Object(Closure), Object(Illuminate\Http\Request))
#36 /var/www/html/EmployeeManagement-master/vendor/laravel/framework/src/Illuminate/Foundation/Http/Kernel.php(132): Illuminate\Pipeline\Pipeline->then(Object(Closure))
#37 /var/www/html/EmployeeManagement-master/vendor/laravel/framework/src/Illuminate/Foundation/Http/Kernel.php(99): Illuminate\Foundation\Http\Kernel->sendRequestThroughRouter(Object(Illuminate\Http\Request))
#38 /var/www/html/EmployeeManagement-master/public/index.php(54): Illuminate\Foundation\Http\Kernel->handle(Object(Illuminate\Http\Request))
#39 {main}

Next exception 'ErrorException' with message 'Use of undefined constant name - assumed 'name' (View: /var/www/html/EmployeeManagement-master/resources/views/test.blade.php)' in /var/www/html/EmployeeManagement-master/storage/framework/views/f9ae19963285e64fcb8803d1272677de9e6ee1f6.php:8
Stack trace:
#0 /var/www/html/EmployeeManagement-master/vendor/laravel/framework/src/Illuminate/View/Engines/PhpEngine.php(44): Illuminate\View\Engines\CompilerEngine->handleViewException(Object(ErrorException), 1)
#1 /var/www/html/EmployeeManagement-master/vendor/laravel/framework/src/Illuminate/View/Engines/CompilerEngine.php(59): Illuminate\View\Engines\PhpEngine->evaluatePath('/var/www/html/E...', Array)
#2 /var/www/html/EmployeeManagement-master/vendor/laravel/framework/src/Illuminate/View/View.php(135): Illuminate\View\Engines\CompilerEngine->get('/var/www/html/E...', Array)
#3 /var/www/html/EmployeeManagement-master/vendor/laravel/framework/src/Illuminate/View/View.php(106): Illuminate\View\View->getContents()
#4 /var/www/html/EmployeeManagement-master/vendor/laravel/framework/src/Illuminate/View/View.php(80): Illuminate\View\View->renderContents()
#5 /var/www/html/EmployeeManagement-master/vendor/laravel/framework/src/Illuminate/Http/Response.php(53): Illuminate\View\View->render()
#6 /var/www/html/EmployeeManagement-master/vendor/symfony/http-foundation/Response.php(197): Illuminate\Http\Response->setContent(Object(Illuminate\View\View))
#7 /var/www/html/EmployeeManagement-master/vendor/laravel/framework/src/Illuminate/Routing/Router.php(1030): Symfony\Component\HttpFoundation\Response->__construct(Object(Illuminate\View\View))
#8 /var/www/html/EmployeeManagement-master/vendor/laravel/framework/src/Illuminate/Routing/ControllerDispatcher.php(95): Illuminate\Routing\Router->prepareResponse(Object(Illuminate\Http\Request), Object(Illuminate\View\View))
#9 [internal function]: Illuminate\Routing\ControllerDispatcher->Illuminate\Routing\{closure}(Object(Illuminate\Http\Request))
#10 /var/www/html/EmployeeManagement-master/vendor/laravel/framework/src/Illuminate/Routing/Pipeline.php(52): call_user_func(Object(Closure), Object(Illuminate\Http\Request))
#11 [internal function]: Illuminate\Routing\Pipeline->Illuminate\Routing\{closure}(Object(Illuminate\Http\Request))
#12 /var/www/html/EmployeeManagement-master/vendor/laravel/framework/src/Illuminate/Pipeline/Pipeline.php(103): call_user_func(Object(Closure), Object(Illuminate\Http\Request))
#13 /var/www/html/EmployeeManagement-master/vendor/laravel/framework/src/Illuminate/Routing/ControllerDispatcher.php(96): Illuminate\Pipeline\Pipeline->then(Object(Closure))
#14 /var/www/html/EmployeeManagement-master/vendor/laravel/framework/src/Illuminate/Routing/ControllerDispatcher.php(54): Illuminate\Routing\ControllerDispatcher->callWithinStack(Object(App\Http\Controllers\HomeController), Object(Illuminate\Routing\Route), Object(Illuminate\Http\Request), 'test')
#15 /var/www/html/EmployeeManagement-master/vendor/laravel/framework/src/Illuminate/Routing/Route.php(174): Illuminate\Routing\ControllerDispatcher->dispatch(Object(Illuminate\Routing\Route), Object(Illuminate\Http\Request), 'App\\Http\\Contro...', 'test')
#16 /var/www/html/EmployeeManagement-master/vendor/laravel/framework/src/Illuminate/Routing/Route.php(140): Illuminate\Routing\Route->runController(Object(Illuminate\Http\Request))
#17 /var/www/html/EmployeeManagement-master/vendor/laravel/framework/src/Illuminate/Routing/Router.php(703): Illuminate\Routing\Route->run(Object(Illuminate\Http\Request))
#18 [internal function]: Illuminate\Routing\Router->Illuminate\Routing\{closure}(Object(Illuminate\Http\Request))
#19 /var/www/html/EmployeeManagement-master/vendor/laravel/framework/src/Illuminate/Routing/Pipeline.php(52): call_user_func(Object(Closure), Object(Illuminate\Http\Request))
#20 [internal function]: Illuminate\Routing\Pipeline->Illuminate\Routing\{closure}(Object(Illuminate\Http\Request))
#21 /var/www/html/EmployeeManagement-master/vendor/laravel/framework/src/Illuminate/Pipeline/Pipeline.php(103): call_user_func(Object(Closure), Object(Illuminate\Http\Request))
#22 /var/www/html/EmployeeManagement-master/vendor/laravel/framework/src/Illuminate/Routing/Router.php(705): Illuminate\Pipeline\Pipeline->then(Object(Closure))
#23 /var/www/html/EmployeeManagement-master/vendor/laravel/framework/src/Illuminate/Routing/Router.php(678): Illuminate\Routing\Router->runRouteWithinStack(Object(Illuminate\Routing\Route), Object(Illuminate\Http\Request))
#24 /var/www/html/EmployeeManagement-master/vendor/laravel/framework/src/Illuminate/Routing/Router.php(654): Illuminate\Routing\Router->dispatchToRoute(Object(Illuminate\Http\Request))
#25 /var/www/html/EmployeeManagement-master/vendor/laravel/framework/src/Illuminate/Foundation/Http/Kernel.php(246): Illuminate\Routing\Router->dispatch(Object(Illuminate\Http\Request))
#26 [internal function]: Illuminate\Foundation\Http\Kernel->Illuminate\Foundation\Http\{closure}(Object(Illuminate\Http\Request))
#27 /var/www/html/EmployeeManagement-master/vendor/laravel/framework/src/Illuminate/Routing/Pipeline.php(52): call_user_func(Object(Closure), Object(Illuminate\Http\Request))
#28 /var/www/html/EmployeeManagement-master/vendor/laravel/framework/src/Illuminate/Foundation/Http/Middleware/CheckForMaintenanceMode.php(44): Illuminate\Routing\Pipeline->Illuminate\Routing\{closure}(Object(Illuminate\Http\Request))
#29 [internal function]: Illuminate\Foundation\Http\Middleware\CheckForMaintenanceMode->handle(Object(Illuminate\Http\Request), Object(Closure))
#30 /var/www/html/EmployeeManagement-master/vendor/laravel/framework/src/Illuminate/Pipeline/Pipeline.php(124): call_user_func_array(Array, Array)
#31 [internal function]: Illuminate\Pipeline\Pipeline->Illuminate\Pipeline\{closure}(Object(Illuminate\Http\Request))
#32 /var/www/html/EmployeeManagement-master/vendor/laravel/framework/src/Illuminate/Routing/Pipeline.php(32): call_user_func(Object(Closure), Object(Illuminate\Http\Request))
#33 [internal function]: Illuminate\Routing\Pipeline->Illuminate\Routing\{closure}(Object(Illuminate\Http\Request))
#34 /var/www/html/EmployeeManagement-master/vendor/laravel/framework/src/Illuminate/Pipeline/Pipeline.php(103): call_user_func(Object(Closure), Object(Illuminate\Http\Request))
#35 /var/www/html/EmployeeManagement-master/vendor/laravel/framework/src/Illuminate/Foundation/Http/Kernel.php(132): Illuminate\Pipeline\Pipeline->then(Object(Closure))
#36 /var/www/html/EmployeeManagement-master/vendor/laravel/framework/src/Illuminate/Foundation/Http/Kernel.php(99): Illuminate\Foundation\Http\Kernel->sendRequestThroughRouter(Object(Illuminate\Http\Request))
#37 /var/www/html/EmployeeManagement-master/public/index.php(54): Illuminate\Foundation\Http\Kernel->handle(Object(Illuminate\Http\Request))
#38 {main}  
[2016-01-28 08:52:19] production.ERROR: exception 'ErrorException' with message 'Use of undefined constant name - assumed 'name'' in /var/www/html/EmployeeManagement-master/storage/framework/views/f9ae19963285e64fcb8803d1272677de9e6ee1f6.php:8
Stack trace:
#0 /var/www/html/EmployeeManagement-master/storage/framework/views/f9ae19963285e64fcb8803d1272677de9e6ee1f6.php(8): Illuminate\Foundation\Bootstrap\HandleExceptions->handleError(8, 'Use of undefine...', '/var/www/html/E...', 8, Array)
#1 /var/www/html/EmployeeManagement-master/vendor/laravel/framework/src/Illuminate/View/Engines/PhpEngine.php(42): include('/var/www/html/E...')
#2 /var/www/html/EmployeeManagement-master/vendor/laravel/framework/src/Illuminate/View/Engines/CompilerEngine.php(59): Illuminate\View\Engines\PhpEngine->evaluatePath('/var/www/html/E...', Array)
#3 /var/www/html/EmployeeManagement-master/vendor/laravel/framework/src/Illuminate/View/View.php(135): Illuminate\View\Engines\CompilerEngine->get('/var/www/html/E...', Array)
#4 /var/www/html/EmployeeManagement-master/vendor/laravel/framework/src/Illuminate/View/View.php(106): Illuminate\View\View->getContents()
#5 /var/www/html/EmployeeManagement-master/vendor/laravel/framework/src/Illuminate/View/View.php(80): Illuminate\View\View->renderContents()
#6 /var/www/html/EmployeeManagement-master/vendor/laravel/framework/src/Illuminate/Http/Response.php(53): Illuminate\View\View->render()
#7 /var/www/html/EmployeeManagement-master/vendor/symfony/http-foundation/Response.php(197): Illuminate\Http\Response->setContent(Object(Illuminate\View\View))
#8 /var/www/html/EmployeeManagement-master/vendor/laravel/framework/src/Illuminate/Routing/Router.php(1030): Symfony\Component\HttpFoundation\Response->__construct(Object(Illuminate\View\View))
#9 /var/www/html/EmployeeManagement-master/vendor/laravel/framework/src/Illuminate/Routing/ControllerDispatcher.php(95): Illuminate\Routing\Router->prepareResponse(Object(Illuminate\Http\Request), Object(Illuminate\View\View))
#10 [internal function]: Illuminate\Routing\ControllerDispatcher->Illuminate\Routing\{closure}(Object(Illuminate\Http\Request))
#11 /var/www/html/EmployeeManagement-master/vendor/laravel/framework/src/Illuminate/Routing/Pipeline.php(52): call_user_func(Object(Closure), Object(Illuminate\Http\Request))
#12 [internal function]: Illuminate\Routing\Pipeline->Illuminate\Routing\{closure}(Object(Illuminate\Http\Request))
#13 /var/www/html/EmployeeManagement-master/vendor/laravel/framework/src/Illuminate/Pipeline/Pipeline.php(103): call_user_func(Object(Closure), Object(Illuminate\Http\Request))
#14 /var/www/html/EmployeeManagement-master/vendor/laravel/framework/src/Illuminate/Routing/ControllerDispatcher.php(96): Illuminate\Pipeline\Pipeline->then(Object(Closure))
#15 /var/www/html/EmployeeManagement-master/vendor/laravel/framework/src/Illuminate/Routing/ControllerDispatcher.php(54): Illuminate\Routing\ControllerDispatcher->callWithinStack(Object(App\Http\Controllers\HomeController), Object(Illuminate\Routing\Route), Object(Illuminate\Http\Request), 'test')
#16 /var/www/html/EmployeeManagement-master/vendor/laravel/framework/src/Illuminate/Routing/Route.php(174): Illuminate\Routing\ControllerDispatcher->dispatch(Object(Illuminate\Routing\Route), Object(Illuminate\Http\Request), 'App\\Http\\Contro...', 'test')
#17 /var/www/html/EmployeeManagement-master/vendor/laravel/framework/src/Illuminate/Routing/Route.php(140): Illuminate\Routing\Route->runController(Object(Illuminate\Http\Request))
#18 /var/www/html/EmployeeManagement-master/vendor/laravel/framework/src/Illuminate/Routing/Router.php(703): Illuminate\Routing\Route->run(Object(Illuminate\Http\Request))
#19 [internal function]: Illuminate\Routing\Router->Illuminate\Routing\{closure}(Object(Illuminate\Http\Request))
#20 /var/www/html/EmployeeManagement-master/vendor/laravel/framework/src/Illuminate/Routing/Pipeline.php(52): call_user_func(Object(Closure), Object(Illuminate\Http\Request))
#21 [internal function]: Illuminate\Routing\Pipeline->Illuminate\Routing\{closure}(Object(Illuminate\Http\Request))
#22 /var/www/html/EmployeeManagement-master/vendor/laravel/framework/src/Illuminate/Pipeline/Pipeline.php(103): call_user_func(Object(Closure), Object(Illuminate\Http\Request))
#23 /var/www/html/EmployeeManagement-master/vendor/laravel/framework/src/Illuminate/Routing/Router.php(705): Illuminate\Pipeline\Pipeline->then(Object(Closure))
#24 /var/www/html/EmployeeManagement-master/vendor/laravel/framework/src/Illuminate/Routing/Router.php(678): Illuminate\Routing\Router->runRouteWithinStack(Object(Illuminate\Routing\Route), Object(Illuminate\Http\Request))
#25 /var/www/html/EmployeeManagement-master/vendor/laravel/framework/src/Illuminate/Routing/Router.php(654): Illuminate\Routing\Router->dispatchToRoute(Object(Illuminate\Http\Request))
#26 /var/www/html/EmployeeManagement-master/vendor/laravel/framework/src/Illuminate/Foundation/Http/Kernel.php(246): Illuminate\Routing\Router->dispatch(Object(Illuminate\Http\Request))
#27 [internal function]: Illuminate\Foundation\Http\Kernel->Illuminate\Foundation\Http\{closure}(Object(Illuminate\Http\Request))
#28 /var/www/html/EmployeeManagement-master/vendor/laravel/framework/src/Illuminate/Routing/Pipeline.php(52): call_user_func(Object(Closure), Object(Illuminate\Http\Request))
#29 /var/www/html/EmployeeManagement-master/vendor/laravel/framework/src/Illuminate/Foundation/Http/Middleware/CheckForMaintenanceMode.php(44): Illuminate\Routing\Pipeline->Illuminate\Routing\{closure}(Object(Illuminate\Http\Request))
#30 [internal function]: Illuminate\Foundation\Http\Middleware\CheckForMaintenanceMode->handle(Object(Illuminate\Http\Request), Object(Closure))
#31 /var/www/html/EmployeeManagement-master/vendor/laravel/framework/src/Illuminate/Pipeline/Pipeline.php(124): call_user_func_array(Array, Array)
#32 [internal function]: Illuminate\Pipeline\Pipeline->Illuminate\Pipeline\{closure}(Object(Illuminate\Http\Request))
#33 /var/www/html/EmployeeManagement-master/vendor/laravel/framework/src/Illuminate/Routing/Pipeline.php(32): call_user_func(Object(Closure), Object(Illuminate\Http\Request))
#34 [internal function]: Illuminate\Routing\Pipeline->Illuminate\Routing\{closure}(Object(Illuminate\Http\Request))
#35 /var/www/html/EmployeeManagement-master/vendor/laravel/framework/src/Illuminate/Pipeline/Pipeline.php(103): call_user_func(Object(Closure), Object(Illuminate\Http\Request))
#36 /var/www/html/EmployeeManagement-master/vendor/laravel/framework/src/Illuminate/Foundation/Http/Kernel.php(132): Illuminate\Pipeline\Pipeline->then(Object(Closure))
#37 /var/www/html/EmployeeManagement-master/vendor/laravel/framework/src/Illuminate/Foundation/Http/Kernel.php(99): Illuminate\Foundation\Http\Kernel->sendRequestThroughRouter(Object(Illuminate\Http\Request))
#38 /var/www/html/EmployeeManagement-master/public/index.php(54): Illuminate\Foundation\Http\Kernel->handle(Object(Illuminate\Http\Request))
#39 {main}

Next exception 'ErrorException' with message 'Use of undefined constant name - assumed 'name' (View: /var/www/html/EmployeeManagement-master/resources/views/test.blade.php)' in /var/www/html/EmployeeManagement-master/storage/framework/views/f9ae19963285e64fcb8803d1272677de9e6ee1f6.php:8
Stack trace:
#0 /var/www/html/EmployeeManagement-master/vendor/laravel/framework/src/Illuminate/View/Engines/PhpEngine.php(44): Illuminate\View\Engines\CompilerEngine->handleViewException(Object(ErrorException), 1)
#1 /var/www/html/EmployeeManagement-master/vendor/laravel/framework/src/Illuminate/View/Engines/CompilerEngine.php(59): Illuminate\View\Engines\PhpEngine->evaluatePath('/var/www/html/E...', Array)
#2 /var/www/html/EmployeeManagement-master/vendor/laravel/framework/src/Illuminate/View/View.php(135): Illuminate\View\Engines\CompilerEngine->get('/var/www/html/E...', Array)
#3 /var/www/html/EmployeeManagement-master/vendor/laravel/framework/src/Illuminate/View/View.php(106): Illuminate\View\View->getContents()
#4 /var/www/html/EmployeeManagement-master/vendor/laravel/framework/src/Illuminate/View/View.php(80): Illuminate\View\View->renderContents()
#5 /var/www/html/EmployeeManagement-master/vendor/laravel/framework/src/Illuminate/Http/Response.php(53): Illuminate\View\View->render()
#6 /var/www/html/EmployeeManagement-master/vendor/symfony/http-foundation/Response.php(197): Illuminate\Http\Response->setContent(Object(Illuminate\View\View))
#7 /var/www/html/EmployeeManagement-master/vendor/laravel/framework/src/Illuminate/Routing/Router.php(1030): Symfony\Component\HttpFoundation\Response->__construct(Object(Illuminate\View\View))
#8 /var/www/html/EmployeeManagement-master/vendor/laravel/framework/src/Illuminate/Routing/ControllerDispatcher.php(95): Illuminate\Routing\Router->prepareResponse(Object(Illuminate\Http\Request), Object(Illuminate\View\View))
#9 [internal function]: Illuminate\Routing\ControllerDispatcher->Illuminate\Routing\{closure}(Object(Illuminate\Http\Request))
#10 /var/www/html/EmployeeManagement-master/vendor/laravel/framework/src/Illuminate/Routing/Pipeline.php(52): call_user_func(Object(Closure), Object(Illuminate\Http\Request))
#11 [internal function]: Illuminate\Routing\Pipeline->Illuminate\Routing\{closure}(Object(Illuminate\Http\Request))
#12 /var/www/html/EmployeeManagement-master/vendor/laravel/framework/src/Illuminate/Pipeline/Pipeline.php(103): call_user_func(Object(Closure), Object(Illuminate\Http\Request))
#13 /var/www/html/EmployeeManagement-master/vendor/laravel/framework/src/Illuminate/Routing/ControllerDispatcher.php(96): Illuminate\Pipeline\Pipeline->then(Object(Closure))
#14 /var/www/html/EmployeeManagement-master/vendor/laravel/framework/src/Illuminate/Routing/ControllerDispatcher.php(54): Illuminate\Routing\ControllerDispatcher->callWithinStack(Object(App\Http\Controllers\HomeController), Object(Illuminate\Routing\Route), Object(Illuminate\Http\Request), 'test')
#15 /var/www/html/EmployeeManagement-master/vendor/laravel/framework/src/Illuminate/Routing/Route.php(174): Illuminate\Routing\ControllerDispatcher->dispatch(Object(Illuminate\Routing\Route), Object(Illuminate\Http\Request), 'App\\Http\\Contro...', 'test')
#16 /var/www/html/EmployeeManagement-master/vendor/laravel/framework/src/Illuminate/Routing/Route.php(140): Illuminate\Routing\Route->runController(Object(Illuminate\Http\Request))
#17 /var/www/html/EmployeeManagement-master/vendor/laravel/framework/src/Illuminate/Routing/Router.php(703): Illuminate\Routing\Route->run(Object(Illuminate\Http\Request))
#18 [internal function]: Illuminate\Routing\Router->Illuminate\Routing\{closure}(Object(Illuminate\Http\Request))
#19 /var/www/html/EmployeeManagement-master/vendor/laravel/framework/src/Illuminate/Routing/Pipeline.php(52): call_user_func(Object(Closure), Object(Illuminate\Http\Request))
#20 [internal function]: Illuminate\Routing\Pipeline->Illuminate\Routing\{closure}(Object(Illuminate\Http\Request))
#21 /var/www/html/EmployeeManagement-master/vendor/laravel/framework/src/Illuminate/Pipeline/Pipeline.php(103): call_user_func(Object(Closure), Object(Illuminate\Http\Request))
#22 /var/www/html/EmployeeManagement-master/vendor/laravel/framework/src/Illuminate/Routing/Router.php(705): Illuminate\Pipeline\Pipeline->then(Object(Closure))
#23 /var/www/html/EmployeeManagement-master/vendor/laravel/framework/src/Illuminate/Routing/Router.php(678): Illuminate\Routing\Router->runRouteWithinStack(Object(Illuminate\Routing\Route), Object(Illuminate\Http\Request))
#24 /var/www/html/EmployeeManagement-master/vendor/laravel/framework/src/Illuminate/Routing/Router.php(654): Illuminate\Routing\Router->dispatchToRoute(Object(Illuminate\Http\Request))
#25 /var/www/html/EmployeeManagement-master/vendor/laravel/framework/src/Illuminate/Foundation/Http/Kernel.php(246): Illuminate\Routing\Router->dispatch(Object(Illuminate\Http\Request))
#26 [internal function]: Illuminate\Foundation\Http\Kernel->Illuminate\Foundation\Http\{closure}(Object(Illuminate\Http\Request))
#27 /var/www/html/EmployeeManagement-master/vendor/laravel/framework/src/Illuminate/Routing/Pipeline.php(52): call_user_func(Object(Closure), Object(Illuminate\Http\Request))
#28 /var/www/html/EmployeeManagement-master/vendor/laravel/framework/src/Illuminate/Foundation/Http/Middleware/CheckForMaintenanceMode.php(44): Illuminate\Routing\Pipeline->Illuminate\Routing\{closure}(Object(Illuminate\Http\Request))
#29 [internal function]: Illuminate\Foundation\Http\Middleware\CheckForMaintenanceMode->handle(Object(Illuminate\Http\Request), Object(Closure))
#30 /var/www/html/EmployeeManagement-master/vendor/laravel/framework/src/Illuminate/Pipeline/Pipeline.php(124): call_user_func_array(Array, Array)
#31 [internal function]: Illuminate\Pipeline\Pipeline->Illuminate\Pipeline\{closure}(Object(Illuminate\Http\Request))
#32 /var/www/html/EmployeeManagement-master/vendor/laravel/framework/src/Illuminate/Routing/Pipeline.php(32): call_user_func(Object(Closure), Object(Illuminate\Http\Request))
#33 [internal function]: Illuminate\Routing\Pipeline->Illuminate\Routing\{closure}(Object(Illuminate\Http\Request))
#34 /var/www/html/EmployeeManagement-master/vendor/laravel/framework/src/Illuminate/Pipeline/Pipeline.php(103): call_user_func(Object(Closure), Object(Illuminate\Http\Request))
#35 /var/www/html/EmployeeManagement-master/vendor/laravel/framework/src/Illuminate/Foundation/Http/Kernel.php(132): Illuminate\Pipeline\Pipeline->then(Object(Closure))
#36 /var/www/html/EmployeeManagement-master/vendor/laravel/framework/src/Illuminate/Foundation/Http/Kernel.php(99): Illuminate\Foundation\Http\Kernel->sendRequestThroughRouter(Object(Illuminate\Http\Request))
#37 /var/www/html/EmployeeManagement-master/public/index.php(54): Illuminate\Foundation\Http\Kernel->handle(Object(Illuminate\Http\Request))
#38 {main}  
[2016-01-28 08:52:19] production.ERROR: exception 'ErrorException' with message 'Use of undefined constant name - assumed 'name'' in /var/www/html/EmployeeManagement-master/storage/framework/views/f9ae19963285e64fcb8803d1272677de9e6ee1f6.php:8
Stack trace:
#0 /var/www/html/EmployeeManagement-master/storage/framework/views/f9ae19963285e64fcb8803d1272677de9e6ee1f6.php(8): Illuminate\Foundation\Bootstrap\HandleExceptions->handleError(8, 'Use of undefine...', '/var/www/html/E...', 8, Array)
#1 /var/www/html/EmployeeManagement-master/vendor/laravel/framework/src/Illuminate/View/Engines/PhpEngine.php(42): include('/var/www/html/E...')
#2 /var/www/html/EmployeeManagement-master/vendor/laravel/framework/src/Illuminate/View/Engines/CompilerEngine.php(59): Illuminate\View\Engines\PhpEngine->evaluatePath('/var/www/html/E...', Array)
#3 /var/www/html/EmployeeManagement-master/vendor/laravel/framework/src/Illuminate/View/View.php(135): Illuminate\View\Engines\CompilerEngine->get('/var/www/html/E...', Array)
#4 /var/www/html/EmployeeManagement-master/vendor/laravel/framework/src/Illuminate/View/View.php(106): Illuminate\View\View->getContents()
#5 /var/www/html/EmployeeManagement-master/vendor/laravel/framework/src/Illuminate/View/View.php(80): Illuminate\View\View->renderContents()
#6 /var/www/html/EmployeeManagement-master/vendor/laravel/framework/src/Illuminate/Http/Response.php(53): Illuminate\View\View->render()
#7 /var/www/html/EmployeeManagement-master/vendor/symfony/http-foundation/Response.php(197): Illuminate\Http\Response->setContent(Object(Illuminate\View\View))
#8 /var/www/html/EmployeeManagement-master/vendor/laravel/framework/src/Illuminate/Routing/Router.php(1030): Symfony\Component\HttpFoundation\Response->__construct(Object(Illuminate\View\View))
#9 /var/www/html/EmployeeManagement-master/vendor/laravel/framework/src/Illuminate/Routing/ControllerDispatcher.php(95): Illuminate\Routing\Router->prepareResponse(Object(Illuminate\Http\Request), Object(Illuminate\View\View))
#10 [internal function]: Illuminate\Routing\ControllerDispatcher->Illuminate\Routing\{closure}(Object(Illuminate\Http\Request))
#11 /var/www/html/EmployeeManagement-master/vendor/laravel/framework/src/Illuminate/Routing/Pipeline.php(52): call_user_func(Object(Closure), Object(Illuminate\Http\Request))
#12 [internal function]: Illuminate\Routing\Pipeline->Illuminate\Routing\{closure}(Object(Illuminate\Http\Request))
#13 /var/www/html/EmployeeManagement-master/vendor/laravel/framework/src/Illuminate/Pipeline/Pipeline.php(103): call_user_func(Object(Closure), Object(Illuminate\Http\Request))
#14 /var/www/html/EmployeeManagement-master/vendor/laravel/framework/src/Illuminate/Routing/ControllerDispatcher.php(96): Illuminate\Pipeline\Pipeline->then(Object(Closure))
#15 /var/www/html/EmployeeManagement-master/vendor/laravel/framework/src/Illuminate/Routing/ControllerDispatcher.php(54): Illuminate\Routing\ControllerDispatcher->callWithinStack(Object(App\Http\Controllers\HomeController), Object(Illuminate\Routing\Route), Object(Illuminate\Http\Request), 'test')
#16 /var/www/html/EmployeeManagement-master/vendor/laravel/framework/src/Illuminate/Routing/Route.php(174): Illuminate\Routing\ControllerDispatcher->dispatch(Object(Illuminate\Routing\Route), Object(Illuminate\Http\Request), 'App\\Http\\Contro...', 'test')
#17 /var/www/html/EmployeeManagement-master/vendor/laravel/framework/src/Illuminate/Routing/Route.php(140): Illuminate\Routing\Route->runController(Object(Illuminate\Http\Request))
#18 /var/www/html/EmployeeManagement-master/vendor/laravel/framework/src/Illuminate/Routing/Router.php(703): Illuminate\Routing\Route->run(Object(Illuminate\Http\Request))
#19 [internal function]: Illuminate\Routing\Router->Illuminate\Routing\{closure}(Object(Illuminate\Http\Request))
#20 /var/www/html/EmployeeManagement-master/vendor/laravel/framework/src/Illuminate/Routing/Pipeline.php(52): call_user_func(Object(Closure), Object(Illuminate\Http\Request))
#21 [internal function]: Illuminate\Routing\Pipeline->Illuminate\Routing\{closure}(Object(Illuminate\Http\Request))
#22 /var/www/html/EmployeeManagement-master/vendor/laravel/framework/src/Illuminate/Pipeline/Pipeline.php(103): call_user_func(Object(Closure), Object(Illuminate\Http\Request))
#23 /var/www/html/EmployeeManagement-master/vendor/laravel/framework/src/Illuminate/Routing/Router.php(705): Illuminate\Pipeline\Pipeline->then(Object(Closure))
#24 /var/www/html/EmployeeManagement-master/vendor/laravel/framework/src/Illuminate/Routing/Router.php(678): Illuminate\Routing\Router->runRouteWithinStack(Object(Illuminate\Routing\Route), Object(Illuminate\Http\Request))
#25 /var/www/html/EmployeeManagement-master/vendor/laravel/framework/src/Illuminate/Routing/Router.php(654): Illuminate\Routing\Router->dispatchToRoute(Object(Illuminate\Http\Request))
#26 /var/www/html/EmployeeManagement-master/vendor/laravel/framework/src/Illuminate/Foundation/Http/Kernel.php(246): Illuminate\Routing\Router->dispatch(Object(Illuminate\Http\Request))
#27 [internal function]: Illuminate\Foundation\Http\Kernel->Illuminate\Foundation\Http\{closure}(Object(Illuminate\Http\Request))
#28 /var/www/html/EmployeeManagement-master/vendor/laravel/framework/src/Illuminate/Routing/Pipeline.php(52): call_user_func(Object(Closure), Object(Illuminate\Http\Request))
#29 /var/www/html/EmployeeManagement-master/vendor/laravel/framework/src/Illuminate/Foundation/Http/Middleware/CheckForMaintenanceMode.php(44): Illuminate\Routing\Pipeline->Illuminate\Routing\{closure}(Object(Illuminate\Http\Request))
#30 [internal function]: Illuminate\Foundation\Http\Middleware\CheckForMaintenanceMode->handle(Object(Illuminate\Http\Request), Object(Closure))
#31 /var/www/html/EmployeeManagement-master/vendor/laravel/framework/src/Illuminate/Pipeline/Pipeline.php(124): call_user_func_array(Array, Array)
#32 [internal function]: Illuminate\Pipeline\Pipeline->Illuminate\Pipeline\{closure}(Object(Illuminate\Http\Request))
#33 /var/www/html/EmployeeManagement-master/vendor/laravel/framework/src/Illuminate/Routing/Pipeline.php(32): call_user_func(Object(Closure), Object(Illuminate\Http\Request))
#34 [internal function]: Illuminate\Routing\Pipeline->Illuminate\Routing\{closure}(Object(Illuminate\Http\Request))
#35 /var/www/html/EmployeeManagement-master/vendor/laravel/framework/src/Illuminate/Pipeline/Pipeline.php(103): call_user_func(Object(Closure), Object(Illuminate\Http\Request))
#36 /var/www/html/EmployeeManagement-master/vendor/laravel/framework/src/Illuminate/Foundation/Http/Kernel.php(132): Illuminate\Pipeline\Pipeline->then(Object(Closure))
#37 /var/www/html/EmployeeManagement-master/vendor/laravel/framework/src/Illuminate/Foundation/Http/Kernel.php(99): Illuminate\Foundation\Http\Kernel->sendRequestThroughRouter(Object(Illuminate\Http\Request))
#38 /var/www/html/EmployeeManagement-master/public/index.php(54): Illuminate\Foundation\Http\Kernel->handle(Object(Illuminate\Http\Request))
#39 {main}

Next exception 'ErrorException' with message 'Use of undefined constant name - assumed 'name' (View: /var/www/html/EmployeeManagement-master/resources/views/test.blade.php)' in /var/www/html/EmployeeManagement-master/storage/framework/views/f9ae19963285e64fcb8803d1272677de9e6ee1f6.php:8
Stack trace:
#0 /var/www/html/EmployeeManagement-master/vendor/laravel/framework/src/Illuminate/View/Engines/PhpEngine.php(44): Illuminate\View\Engines\CompilerEngine->handleViewException(Object(ErrorException), 1)
#1 /var/www/html/EmployeeManagement-master/vendor/laravel/framework/src/Illuminate/View/Engines/CompilerEngine.php(59): Illuminate\View\Engines\PhpEngine->evaluatePath('/var/www/html/E...', Array)
#2 /var/www/html/EmployeeManagement-master/vendor/laravel/framework/src/Illuminate/View/View.php(135): Illuminate\View\Engines\CompilerEngine->get('/var/www/html/E...', Array)
#3 /var/www/html/EmployeeManagement-master/vendor/laravel/framework/src/Illuminate/View/View.php(106): Illuminate\View\View->getContents()
#4 /var/www/html/EmployeeManagement-master/vendor/laravel/framework/src/Illuminate/View/View.php(80): Illuminate\View\View->renderContents()
#5 /var/www/html/EmployeeManagement-master/vendor/laravel/framework/src/Illuminate/Http/Response.php(53): Illuminate\View\View->render()
#6 /var/www/html/EmployeeManagement-master/vendor/symfony/http-foundation/Response.php(197): Illuminate\Http\Response->setContent(Object(Illuminate\View\View))
#7 /var/www/html/EmployeeManagement-master/vendor/laravel/framework/src/Illuminate/Routing/Router.php(1030): Symfony\Component\HttpFoundation\Response->__construct(Object(Illuminate\View\View))
#8 /var/www/html/EmployeeManagement-master/vendor/laravel/framework/src/Illuminate/Routing/ControllerDispatcher.php(95): Illuminate\Routing\Router->prepareResponse(Object(Illuminate\Http\Request), Object(Illuminate\View\View))
#9 [internal function]: Illuminate\Routing\ControllerDispatcher->Illuminate\Routing\{closure}(Object(Illuminate\Http\Request))
#10 /var/www/html/EmployeeManagement-master/vendor/laravel/framework/src/Illuminate/Routing/Pipeline.php(52): call_user_func(Object(Closure), Object(Illuminate\Http\Request))
#11 [internal function]: Illuminate\Routing\Pipeline->Illuminate\Routing\{closure}(Object(Illuminate\Http\Request))
#12 /var/www/html/EmployeeManagement-master/vendor/laravel/framework/src/Illuminate/Pipeline/Pipeline.php(103): call_user_func(Object(Closure), Object(Illuminate\Http\Request))
#13 /var/www/html/EmployeeManagement-master/vendor/laravel/framework/src/Illuminate/Routing/ControllerDispatcher.php(96): Illuminate\Pipeline\Pipeline->then(Object(Closure))
#14 /var/www/html/EmployeeManagement-master/vendor/laravel/framework/src/Illuminate/Routing/ControllerDispatcher.php(54): Illuminate\Routing\ControllerDispatcher->callWithinStack(Object(App\Http\Controllers\HomeController), Object(Illuminate\Routing\Route), Object(Illuminate\Http\Request), 'test')
#15 /var/www/html/EmployeeManagement-master/vendor/laravel/framework/src/Illuminate/Routing/Route.php(174): Illuminate\Routing\ControllerDispatcher->dispatch(Object(Illuminate\Routing\Route), Object(Illuminate\Http\Request), 'App\\Http\\Contro...', 'test')
#16 /var/www/html/EmployeeManagement-master/vendor/laravel/framework/src/Illuminate/Routing/Route.php(140): Illuminate\Routing\Route->runController(Object(Illuminate\Http\Request))
#17 /var/www/html/EmployeeManagement-master/vendor/laravel/framework/src/Illuminate/Routing/Router.php(703): Illuminate\Routing\Route->run(Object(Illuminate\Http\Request))
#18 [internal function]: Illuminate\Routing\Router->Illuminate\Routing\{closure}(Object(Illuminate\Http\Request))
#19 /var/www/html/EmployeeManagement-master/vendor/laravel/framework/src/Illuminate/Routing/Pipeline.php(52): call_user_func(Object(Closure), Object(Illuminate\Http\Request))
#20 [internal function]: Illuminate\Routing\Pipeline->Illuminate\Routing\{closure}(Object(Illuminate\Http\Request))
#21 /var/www/html/EmployeeManagement-master/vendor/laravel/framework/src/Illuminate/Pipeline/Pipeline.php(103): call_user_func(Object(Closure), Object(Illuminate\Http\Request))
#22 /var/www/html/EmployeeManagement-master/vendor/laravel/framework/src/Illuminate/Routing/Router.php(705): Illuminate\Pipeline\Pipeline->then(Object(Closure))
#23 /var/www/html/EmployeeManagement-master/vendor/laravel/framework/src/Illuminate/Routing/Router.php(678): Illuminate\Routing\Router->runRouteWithinStack(Object(Illuminate\Routing\Route), Object(Illuminate\Http\Request))
#24 /var/www/html/EmployeeManagement-master/vendor/laravel/framework/src/Illuminate/Routing/Router.php(654): Illuminate\Routing\Router->dispatchToRoute(Object(Illuminate\Http\Request))
#25 /var/www/html/EmployeeManagement-master/vendor/laravel/framework/src/Illuminate/Foundation/Http/Kernel.php(246): Illuminate\Routing\Router->dispatch(Object(Illuminate\Http\Request))
#26 [internal function]: Illuminate\Foundation\Http\Kernel->Illuminate\Foundation\Http\{closure}(Object(Illuminate\Http\Request))
#27 /var/www/html/EmployeeManagement-master/vendor/laravel/framework/src/Illuminate/Routing/Pipeline.php(52): call_user_func(Object(Closure), Object(Illuminate\Http\Request))
#28 /var/www/html/EmployeeManagement-master/vendor/laravel/framework/src/Illuminate/Foundation/Http/Middleware/CheckForMaintenanceMode.php(44): Illuminate\Routing\Pipeline->Illuminate\Routing\{closure}(Object(Illuminate\Http\Request))
#29 [internal function]: Illuminate\Foundation\Http\Middleware\CheckForMaintenanceMode->handle(Object(Illuminate\Http\Request), Object(Closure))
#30 /var/www/html/EmployeeManagement-master/vendor/laravel/framework/src/Illuminate/Pipeline/Pipeline.php(124): call_user_func_array(Array, Array)
#31 [internal function]: Illuminate\Pipeline\Pipeline->Illuminate\Pipeline\{closure}(Object(Illuminate\Http\Request))
#32 /var/www/html/EmployeeManagement-master/vendor/laravel/framework/src/Illuminate/Routing/Pipeline.php(32): call_user_func(Object(Closure), Object(Illuminate\Http\Request))
#33 [internal function]: Illuminate\Routing\Pipeline->Illuminate\Routing\{closure}(Object(Illuminate\Http\Request))
#34 /var/www/html/EmployeeManagement-master/vendor/laravel/framework/src/Illuminate/Pipeline/Pipeline.php(103): call_user_func(Object(Closure), Object(Illuminate\Http\Request))
#35 /var/www/html/EmployeeManagement-master/vendor/laravel/framework/src/Illuminate/Foundation/Http/Kernel.php(132): Illuminate\Pipeline\Pipeline->then(Object(Closure))
#36 /var/www/html/EmployeeManagement-master/vendor/laravel/framework/src/Illuminate/Foundation/Http/Kernel.php(99): Illuminate\Foundation\Http\Kernel->sendRequestThroughRouter(Object(Illuminate\Http\Request))
#37 /var/www/html/EmployeeManagement-master/public/index.php(54): Illuminate\Foundation\Http\Kernel->handle(Object(Illuminate\Http\Request))
#38 {main}  
[2016-01-28 08:53:30] local.ERROR: exception 'ErrorException' with message 'Use of undefined constant name - assumed 'name'' in /var/www/html/EmployeeManagement-master/storage/framework/views/f9ae19963285e64fcb8803d1272677de9e6ee1f6.php:8
Stack trace:
#0 /var/www/html/EmployeeManagement-master/storage/framework/views/f9ae19963285e64fcb8803d1272677de9e6ee1f6.php(8): Illuminate\Foundation\Bootstrap\HandleExceptions->handleError(8, 'Use of undefine...', '/var/www/html/E...', 8, Array)
#1 /var/www/html/EmployeeManagement-master/vendor/laravel/framework/src/Illuminate/View/Engines/PhpEngine.php(42): include('/var/www/html/E...')
#2 /var/www/html/EmployeeManagement-master/vendor/laravel/framework/src/Illuminate/View/Engines/CompilerEngine.php(59): Illuminate\View\Engines\PhpEngine->evaluatePath('/var/www/html/E...', Array)
#3 /var/www/html/EmployeeManagement-master/vendor/laravel/framework/src/Illuminate/View/View.php(135): Illuminate\View\Engines\CompilerEngine->get('/var/www/html/E...', Array)
#4 /var/www/html/EmployeeManagement-master/vendor/laravel/framework/src/Illuminate/View/View.php(106): Illuminate\View\View->getContents()
#5 /var/www/html/EmployeeManagement-master/vendor/laravel/framework/src/Illuminate/View/View.php(80): Illuminate\View\View->renderContents()
#6 /var/www/html/EmployeeManagement-master/vendor/laravel/framework/src/Illuminate/Http/Response.php(53): Illuminate\View\View->render()
#7 /var/www/html/EmployeeManagement-master/vendor/symfony/http-foundation/Response.php(197): Illuminate\Http\Response->setContent(Object(Illuminate\View\View))
#8 /var/www/html/EmployeeManagement-master/vendor/laravel/framework/src/Illuminate/Routing/Router.php(1030): Symfony\Component\HttpFoundation\Response->__construct(Object(Illuminate\View\View))
#9 /var/www/html/EmployeeManagement-master/vendor/laravel/framework/src/Illuminate/Routing/ControllerDispatcher.php(95): Illuminate\Routing\Router->prepareResponse(Object(Illuminate\Http\Request), Object(Illuminate\View\View))
#10 [internal function]: Illuminate\Routing\ControllerDispatcher->Illuminate\Routing\{closure}(Object(Illuminate\Http\Request))
#11 /var/www/html/EmployeeManagement-master/vendor/laravel/framework/src/Illuminate/Routing/Pipeline.php(52): call_user_func(Object(Closure), Object(Illuminate\Http\Request))
#12 [internal function]: Illuminate\Routing\Pipeline->Illuminate\Routing\{closure}(Object(Illuminate\Http\Request))
#13 /var/www/html/EmployeeManagement-master/vendor/laravel/framework/src/Illuminate/Pipeline/Pipeline.php(103): call_user_func(Object(Closure), Object(Illuminate\Http\Request))
#14 /var/www/html/EmployeeManagement-master/vendor/laravel/framework/src/Illuminate/Routing/ControllerDispatcher.php(96): Illuminate\Pipeline\Pipeline->then(Object(Closure))
#15 /var/www/html/EmployeeManagement-master/vendor/laravel/framework/src/Illuminate/Routing/ControllerDispatcher.php(54): Illuminate\Routing\ControllerDispatcher->callWithinStack(Object(App\Http\Controllers\HomeController), Object(Illuminate\Routing\Route), Object(Illuminate\Http\Request), 'test')
#16 /var/www/html/EmployeeManagement-master/vendor/laravel/framework/src/Illuminate/Routing/Route.php(174): Illuminate\Routing\ControllerDispatcher->dispatch(Object(Illuminate\Routing\Route), Object(Illuminate\Http\Request), 'App\\Http\\Contro...', 'test')
#17 /var/www/html/EmployeeManagement-master/vendor/laravel/framework/src/Illuminate/Routing/Route.php(140): Illuminate\Routing\Route->runController(Object(Illuminate\Http\Request))
#18 /var/www/html/EmployeeManagement-master/vendor/laravel/framework/src/Illuminate/Routing/Router.php(703): Illuminate\Routing\Route->run(Object(Illuminate\Http\Request))
#19 [internal function]: Illuminate\Routing\Router->Illuminate\Routing\{closure}(Object(Illuminate\Http\Request))
#20 /var/www/html/EmployeeManagement-master/vendor/laravel/framework/src/Illuminate/Routing/Pipeline.php(52): call_user_func(Object(Closure), Object(Illuminate\Http\Request))
#21 [internal function]: Illuminate\Routing\Pipeline->Illuminate\Routing\{closure}(Object(Illuminate\Http\Request))
#22 /var/www/html/EmployeeManagement-master/vendor/laravel/framework/src/Illuminate/Pipeline/Pipeline.php(103): call_user_func(Object(Closure), Object(Illuminate\Http\Request))
#23 /var/www/html/EmployeeManagement-master/vendor/laravel/framework/src/Illuminate/Routing/Router.php(705): Illuminate\Pipeline\Pipeline->then(Object(Closure))
#24 /var/www/html/EmployeeManagement-master/vendor/laravel/framework/src/Illuminate/Routing/Router.php(678): Illuminate\Routing\Router->runRouteWithinStack(Object(Illuminate\Routing\Route), Object(Illuminate\Http\Request))
#25 /var/www/html/EmployeeManagement-master/vendor/laravel/framework/src/Illuminate/Routing/Router.php(654): Illuminate\Routing\Router->dispatchToRoute(Object(Illuminate\Http\Request))
#26 /var/www/html/EmployeeManagement-master/vendor/laravel/framework/src/Illuminate/Foundation/Http/Kernel.php(246): Illuminate\Routing\Router->dispatch(Object(Illuminate\Http\Request))
#27 [internal function]: Illuminate\Foundation\Http\Kernel->Illuminate\Foundation\Http\{closure}(Object(Illuminate\Http\Request))
#28 /var/www/html/EmployeeManagement-master/vendor/laravel/framework/src/Illuminate/Routing/Pipeline.php(52): call_user_func(Object(Closure), Object(Illuminate\Http\Request))
#29 /var/www/html/EmployeeManagement-master/vendor/laravel/framework/src/Illuminate/Foundation/Http/Middleware/CheckForMaintenanceMode.php(44): Illuminate\Routing\Pipeline->Illuminate\Routing\{closure}(Object(Illuminate\Http\Request))
#30 [internal function]: Illuminate\Foundation\Http\Middleware\CheckForMaintenanceMode->handle(Object(Illuminate\Http\Request), Object(Closure))
#31 /var/www/html/EmployeeManagement-master/vendor/laravel/framework/src/Illuminate/Pipeline/Pipeline.php(124): call_user_func_array(Array, Array)
#32 [internal function]: Illuminate\Pipeline\Pipeline->Illuminate\Pipeline\{closure}(Object(Illuminate\Http\Request))
#33 /var/www/html/EmployeeManagement-master/vendor/laravel/framework/src/Illuminate/Routing/Pipeline.php(32): call_user_func(Object(Closure), Object(Illuminate\Http\Request))
#34 [internal function]: Illuminate\Routing\Pipeline->Illuminate\Routing\{closure}(Object(Illuminate\Http\Request))
#35 /var/www/html/EmployeeManagement-master/vendor/laravel/framework/src/Illuminate/Pipeline/Pipeline.php(103): call_user_func(Object(Closure), Object(Illuminate\Http\Request))
#36 /var/www/html/EmployeeManagement-master/vendor/laravel/framework/src/Illuminate/Foundation/Http/Kernel.php(132): Illuminate\Pipeline\Pipeline->then(Object(Closure))
#37 /var/www/html/EmployeeManagement-master/vendor/laravel/framework/src/Illuminate/Foundation/Http/Kernel.php(99): Illuminate\Foundation\Http\Kernel->sendRequestThroughRouter(Object(Illuminate\Http\Request))
#38 /var/www/html/EmployeeManagement-master/public/index.php(54): Illuminate\Foundation\Http\Kernel->handle(Object(Illuminate\Http\Request))
#39 {main}

Next exception 'ErrorException' with message 'Use of undefined constant name - assumed 'name' (View: /var/www/html/EmployeeManagement-master/resources/views/test.blade.php)' in /var/www/html/EmployeeManagement-master/storage/framework/views/f9ae19963285e64fcb8803d1272677de9e6ee1f6.php:8
Stack trace:
#0 /var/www/html/EmployeeManagement-master/vendor/laravel/framework/src/Illuminate/View/Engines/PhpEngine.php(44): Illuminate\View\Engines\CompilerEngine->handleViewException(Object(ErrorException), 1)
#1 /var/www/html/EmployeeManagement-master/vendor/laravel/framework/src/Illuminate/View/Engines/CompilerEngine.php(59): Illuminate\View\Engines\PhpEngine->evaluatePath('/var/www/html/E...', Array)
#2 /var/www/html/EmployeeManagement-master/vendor/laravel/framework/src/Illuminate/View/View.php(135): Illuminate\View\Engines\CompilerEngine->get('/var/www/html/E...', Array)
#3 /var/www/html/EmployeeManagement-master/vendor/laravel/framework/src/Illuminate/View/View.php(106): Illuminate\View\View->getContents()
#4 /var/www/html/EmployeeManagement-master/vendor/laravel/framework/src/Illuminate/View/View.php(80): Illuminate\View\View->renderContents()
#5 /var/www/html/EmployeeManagement-master/vendor/laravel/framework/src/Illuminate/Http/Response.php(53): Illuminate\View\View->render()
#6 /var/www/html/EmployeeManagement-master/vendor/symfony/http-foundation/Response.php(197): Illuminate\Http\Response->setContent(Object(Illuminate\View\View))
#7 /var/www/html/EmployeeManagement-master/vendor/laravel/framework/src/Illuminate/Routing/Router.php(1030): Symfony\Component\HttpFoundation\Response->__construct(Object(Illuminate\View\View))
#8 /var/www/html/EmployeeManagement-master/vendor/laravel/framework/src/Illuminate/Routing/ControllerDispatcher.php(95): Illuminate\Routing\Router->prepareResponse(Object(Illuminate\Http\Request), Object(Illuminate\View\View))
#9 [internal function]: Illuminate\Routing\ControllerDispatcher->Illuminate\Routing\{closure}(Object(Illuminate\Http\Request))
#10 /var/www/html/EmployeeManagement-master/vendor/laravel/framework/src/Illuminate/Routing/Pipeline.php(52): call_user_func(Object(Closure), Object(Illuminate\Http\Request))
#11 [internal function]: Illuminate\Routing\Pipeline->Illuminate\Routing\{closure}(Object(Illuminate\Http\Request))
#12 /var/www/html/EmployeeManagement-master/vendor/laravel/framework/src/Illuminate/Pipeline/Pipeline.php(103): call_user_func(Object(Closure), Object(Illuminate\Http\Request))
#13 /var/www/html/EmployeeManagement-master/vendor/laravel/framework/src/Illuminate/Routing/ControllerDispatcher.php(96): Illuminate\Pipeline\Pipeline->then(Object(Closure))
#14 /var/www/html/EmployeeManagement-master/vendor/laravel/framework/src/Illuminate/Routing/ControllerDispatcher.php(54): Illuminate\Routing\ControllerDispatcher->callWithinStack(Object(App\Http\Controllers\HomeController), Object(Illuminate\Routing\Route), Object(Illuminate\Http\Request), 'test')
#15 /var/www/html/EmployeeManagement-master/vendor/laravel/framework/src/Illuminate/Routing/Route.php(174): Illuminate\Routing\ControllerDispatcher->dispatch(Object(Illuminate\Routing\Route), Object(Illuminate\Http\Request), 'App\\Http\\Contro...', 'test')
#16 /var/www/html/EmployeeManagement-master/vendor/laravel/framework/src/Illuminate/Routing/Route.php(140): Illuminate\Routing\Route->runController(Object(Illuminate\Http\Request))
#17 /var/www/html/EmployeeManagement-master/vendor/laravel/framework/src/Illuminate/Routing/Router.php(703): Illuminate\Routing\Route->run(Object(Illuminate\Http\Request))
#18 [internal function]: Illuminate\Routing\Router->Illuminate\Routing\{closure}(Object(Illuminate\Http\Request))
#19 /var/www/html/EmployeeManagement-master/vendor/laravel/framework/src/Illuminate/Routing/Pipeline.php(52): call_user_func(Object(Closure), Object(Illuminate\Http\Request))
#20 [internal function]: Illuminate\Routing\Pipeline->Illuminate\Routing\{closure}(Object(Illuminate\Http\Request))
#21 /var/www/html/EmployeeManagement-master/vendor/laravel/framework/src/Illuminate/Pipeline/Pipeline.php(103): call_user_func(Object(Closure), Object(Illuminate\Http\Request))
#22 /var/www/html/EmployeeManagement-master/vendor/laravel/framework/src/Illuminate/Routing/Router.php(705): Illuminate\Pipeline\Pipeline->then(Object(Closure))
#23 /var/www/html/EmployeeManagement-master/vendor/laravel/framework/src/Illuminate/Routing/Router.php(678): Illuminate\Routing\Router->runRouteWithinStack(Object(Illuminate\Routing\Route), Object(Illuminate\Http\Request))
#24 /var/www/html/EmployeeManagement-master/vendor/laravel/framework/src/Illuminate/Routing/Router.php(654): Illuminate\Routing\Router->dispatchToRoute(Object(Illuminate\Http\Request))
#25 /var/www/html/EmployeeManagement-master/vendor/laravel/framework/src/Illuminate/Foundation/Http/Kernel.php(246): Illuminate\Routing\Router->dispatch(Object(Illuminate\Http\Request))
#26 [internal function]: Illuminate\Foundation\Http\Kernel->Illuminate\Foundation\Http\{closure}(Object(Illuminate\Http\Request))
#27 /var/www/html/EmployeeManagement-master/vendor/laravel/framework/src/Illuminate/Routing/Pipeline.php(52): call_user_func(Object(Closure), Object(Illuminate\Http\Request))
#28 /var/www/html/EmployeeManagement-master/vendor/laravel/framework/src/Illuminate/Foundation/Http/Middleware/CheckForMaintenanceMode.php(44): Illuminate\Routing\Pipeline->Illuminate\Routing\{closure}(Object(Illuminate\Http\Request))
#29 [internal function]: Illuminate\Foundation\Http\Middleware\CheckForMaintenanceMode->handle(Object(Illuminate\Http\Request), Object(Closure))
#30 /var/www/html/EmployeeManagement-master/vendor/laravel/framework/src/Illuminate/Pipeline/Pipeline.php(124): call_user_func_array(Array, Array)
#31 [internal function]: Illuminate\Pipeline\Pipeline->Illuminate\Pipeline\{closure}(Object(Illuminate\Http\Request))
#32 /var/www/html/EmployeeManagement-master/vendor/laravel/framework/src/Illuminate/Routing/Pipeline.php(32): call_user_func(Object(Closure), Object(Illuminate\Http\Request))
#33 [internal function]: Illuminate\Routing\Pipeline->Illuminate\Routing\{closure}(Object(Illuminate\Http\Request))
#34 /var/www/html/EmployeeManagement-master/vendor/laravel/framework/src/Illuminate/Pipeline/Pipeline.php(103): call_user_func(Object(Closure), Object(Illuminate\Http\Request))
#35 /var/www/html/EmployeeManagement-master/vendor/laravel/framework/src/Illuminate/Foundation/Http/Kernel.php(132): Illuminate\Pipeline\Pipeline->then(Object(Closure))
#36 /var/www/html/EmployeeManagement-master/vendor/laravel/framework/src/Illuminate/Foundation/Http/Kernel.php(99): Illuminate\Foundation\Http\Kernel->sendRequestThroughRouter(Object(Illuminate\Http\Request))
#37 /var/www/html/EmployeeManagement-master/public/index.php(54): Illuminate\Foundation\Http\Kernel->handle(Object(Illuminate\Http\Request))
#38 {main}  
[2016-01-28 08:58:36] local.ERROR: exception 'ErrorException' with message 'Use of undefined constant name - assumed 'name'' in /var/www/html/EmployeeManagement-master/storage/framework/views/f9ae19963285e64fcb8803d1272677de9e6ee1f6.php:8
Stack trace:
#0 /var/www/html/EmployeeManagement-master/storage/framework/views/f9ae19963285e64fcb8803d1272677de9e6ee1f6.php(8): Illuminate\Foundation\Bootstrap\HandleExceptions->handleError(8, 'Use of undefine...', '/var/www/html/E...', 8, Array)
#1 /var/www/html/EmployeeManagement-master/vendor/laravel/framework/src/Illuminate/View/Engines/PhpEngine.php(42): include('/var/www/html/E...')
#2 /var/www/html/EmployeeManagement-master/vendor/laravel/framework/src/Illuminate/View/Engines/CompilerEngine.php(59): Illuminate\View\Engines\PhpEngine->evaluatePath('/var/www/html/E...', Array)
#3 /var/www/html/EmployeeManagement-master/vendor/laravel/framework/src/Illuminate/View/View.php(135): Illuminate\View\Engines\CompilerEngine->get('/var/www/html/E...', Array)
#4 /var/www/html/EmployeeManagement-master/vendor/laravel/framework/src/Illuminate/View/View.php(106): Illuminate\View\View->getContents()
#5 /var/www/html/EmployeeManagement-master/vendor/laravel/framework/src/Illuminate/View/View.php(80): Illuminate\View\View->renderContents()
#6 /var/www/html/EmployeeManagement-master/vendor/laravel/framework/src/Illuminate/Http/Response.php(53): Illuminate\View\View->render()
#7 /var/www/html/EmployeeManagement-master/vendor/symfony/http-foundation/Response.php(197): Illuminate\Http\Response->setContent(Object(Illuminate\View\View))
#8 /var/www/html/EmployeeManagement-master/vendor/laravel/framework/src/Illuminate/Routing/Router.php(1030): Symfony\Component\HttpFoundation\Response->__construct(Object(Illuminate\View\View))
#9 /var/www/html/EmployeeManagement-master/vendor/laravel/framework/src/Illuminate/Routing/ControllerDispatcher.php(95): Illuminate\Routing\Router->prepareResponse(Object(Illuminate\Http\Request), Object(Illuminate\View\View))
#10 [internal function]: Illuminate\Routing\ControllerDispatcher->Illuminate\Routing\{closure}(Object(Illuminate\Http\Request))
#11 /var/www/html/EmployeeManagement-master/vendor/laravel/framework/src/Illuminate/Routing/Pipeline.php(52): call_user_func(Object(Closure), Object(Illuminate\Http\Request))
#12 [internal function]: Illuminate\Routing\Pipeline->Illuminate\Routing\{closure}(Object(Illuminate\Http\Request))
#13 /var/www/html/EmployeeManagement-master/vendor/laravel/framework/src/Illuminate/Pipeline/Pipeline.php(103): call_user_func(Object(Closure), Object(Illuminate\Http\Request))
#14 /var/www/html/EmployeeManagement-master/vendor/laravel/framework/src/Illuminate/Routing/ControllerDispatcher.php(96): Illuminate\Pipeline\Pipeline->then(Object(Closure))
#15 /var/www/html/EmployeeManagement-master/vendor/laravel/framework/src/Illuminate/Routing/ControllerDispatcher.php(54): Illuminate\Routing\ControllerDispatcher->callWithinStack(Object(App\Http\Controllers\HomeController), Object(Illuminate\Routing\Route), Object(Illuminate\Http\Request), 'test')
#16 /var/www/html/EmployeeManagement-master/vendor/laravel/framework/src/Illuminate/Routing/Route.php(174): Illuminate\Routing\ControllerDispatcher->dispatch(Object(Illuminate\Routing\Route), Object(Illuminate\Http\Request), 'App\\Http\\Contro...', 'test')
#17 /var/www/html/EmployeeManagement-master/vendor/laravel/framework/src/Illuminate/Routing/Route.php(140): Illuminate\Routing\Route->runController(Object(Illuminate\Http\Request))
#18 /var/www/html/EmployeeManagement-master/vendor/laravel/framework/src/Illuminate/Routing/Router.php(703): Illuminate\Routing\Route->run(Object(Illuminate\Http\Request))
#19 [internal function]: Illuminate\Routing\Router->Illuminate\Routing\{closure}(Object(Illuminate\Http\Request))
#20 /var/www/html/EmployeeManagement-master/vendor/laravel/framework/src/Illuminate/Routing/Pipeline.php(52): call_user_func(Object(Closure), Object(Illuminate\Http\Request))
#21 [internal function]: Illuminate\Routing\Pipeline->Illuminate\Routing\{closure}(Object(Illuminate\Http\Request))
#22 /var/www/html/EmployeeManagement-master/vendor/laravel/framework/src/Illuminate/Pipeline/Pipeline.php(103): call_user_func(Object(Closure), Object(Illuminate\Http\Request))
#23 /var/www/html/EmployeeManagement-master/vendor/laravel/framework/src/Illuminate/Routing/Router.php(705): Illuminate\Pipeline\Pipeline->then(Object(Closure))
#24 /var/www/html/EmployeeManagement-master/vendor/laravel/framework/src/Illuminate/Routing/Router.php(678): Illuminate\Routing\Router->runRouteWithinStack(Object(Illuminate\Routing\Route), Object(Illuminate\Http\Request))
#25 /var/www/html/EmployeeManagement-master/vendor/laravel/framework/src/Illuminate/Routing/Router.php(654): Illuminate\Routing\Router->dispatchToRoute(Object(Illuminate\Http\Request))
#26 /var/www/html/EmployeeManagement-master/vendor/laravel/framework/src/Illuminate/Foundation/Http/Kernel.php(246): Illuminate\Routing\Router->dispatch(Object(Illuminate\Http\Request))
#27 [internal function]: Illuminate\Foundation\Http\Kernel->Illuminate\Foundation\Http\{closure}(Object(Illuminate\Http\Request))
#28 /var/www/html/EmployeeManagement-master/vendor/laravel/framework/src/Illuminate/Routing/Pipeline.php(52): call_user_func(Object(Closure), Object(Illuminate\Http\Request))
#29 /var/www/html/EmployeeManagement-master/vendor/laravel/framework/src/Illuminate/Foundation/Http/Middleware/CheckForMaintenanceMode.php(44): Illuminate\Routing\Pipeline->Illuminate\Routing\{closure}(Object(Illuminate\Http\Request))
#30 [internal function]: Illuminate\Foundation\Http\Middleware\CheckForMaintenanceMode->handle(Object(Illuminate\Http\Request), Object(Closure))
#31 /var/www/html/EmployeeManagement-master/vendor/laravel/framework/src/Illuminate/Pipeline/Pipeline.php(124): call_user_func_array(Array, Array)
#32 [internal function]: Illuminate\Pipeline\Pipeline->Illuminate\Pipeline\{closure}(Object(Illuminate\Http\Request))
#33 /var/www/html/EmployeeManagement-master/vendor/laravel/framework/src/Illuminate/Routing/Pipeline.php(32): call_user_func(Object(Closure), Object(Illuminate\Http\Request))
#34 [internal function]: Illuminate\Routing\Pipeline->Illuminate\Routing\{closure}(Object(Illuminate\Http\Request))
#35 /var/www/html/EmployeeManagement-master/vendor/laravel/framework/src/Illuminate/Pipeline/Pipeline.php(103): call_user_func(Object(Closure), Object(Illuminate\Http\Request))
#36 /var/www/html/EmployeeManagement-master/vendor/laravel/framework/src/Illuminate/Foundation/Http/Kernel.php(132): Illuminate\Pipeline\Pipeline->then(Object(Closure))
#37 /var/www/html/EmployeeManagement-master/vendor/laravel/framework/src/Illuminate/Foundation/Http/Kernel.php(99): Illuminate\Foundation\Http\Kernel->sendRequestThroughRouter(Object(Illuminate\Http\Request))
#38 /var/www/html/EmployeeManagement-master/public/index.php(54): Illuminate\Foundation\Http\Kernel->handle(Object(Illuminate\Http\Request))
#39 {main}

Next exception 'ErrorException' with message 'Use of undefined constant name - assumed 'name' (View: /var/www/html/EmployeeManagement-master/resources/views/test.blade.php)' in /var/www/html/EmployeeManagement-master/storage/framework/views/f9ae19963285e64fcb8803d1272677de9e6ee1f6.php:8
Stack trace:
#0 /var/www/html/EmployeeManagement-master/vendor/laravel/framework/src/Illuminate/View/Engines/PhpEngine.php(44): Illuminate\View\Engines\CompilerEngine->handleViewException(Object(ErrorException), 1)
#1 /var/www/html/EmployeeManagement-master/vendor/laravel/framework/src/Illuminate/View/Engines/CompilerEngine.php(59): Illuminate\View\Engines\PhpEngine->evaluatePath('/var/www/html/E...', Array)
#2 /var/www/html/EmployeeManagement-master/vendor/laravel/framework/src/Illuminate/View/View.php(135): Illuminate\View\Engines\CompilerEngine->get('/var/www/html/E...', Array)
#3 /var/www/html/EmployeeManagement-master/vendor/laravel/framework/src/Illuminate/View/View.php(106): Illuminate\View\View->getContents()
#4 /var/www/html/EmployeeManagement-master/vendor/laravel/framework/src/Illuminate/View/View.php(80): Illuminate\View\View->renderContents()
#5 /var/www/html/EmployeeManagement-master/vendor/laravel/framework/src/Illuminate/Http/Response.php(53): Illuminate\View\View->render()
#6 /var/www/html/EmployeeManagement-master/vendor/symfony/http-foundation/Response.php(197): Illuminate\Http\Response->setContent(Object(Illuminate\View\View))
#7 /var/www/html/EmployeeManagement-master/vendor/laravel/framework/src/Illuminate/Routing/Router.php(1030): Symfony\Component\HttpFoundation\Response->__construct(Object(Illuminate\View\View))
#8 /var/www/html/EmployeeManagement-master/vendor/laravel/framework/src/Illuminate/Routing/ControllerDispatcher.php(95): Illuminate\Routing\Router->prepareResponse(Object(Illuminate\Http\Request), Object(Illuminate\View\View))
#9 [internal function]: Illuminate\Routing\ControllerDispatcher->Illuminate\Routing\{closure}(Object(Illuminate\Http\Request))
#10 /var/www/html/EmployeeManagement-master/vendor/laravel/framework/src/Illuminate/Routing/Pipeline.php(52): call_user_func(Object(Closure), Object(Illuminate\Http\Request))
#11 [internal function]: Illuminate\Routing\Pipeline->Illuminate\Routing\{closure}(Object(Illuminate\Http\Request))
#12 /var/www/html/EmployeeManagement-master/vendor/laravel/framework/src/Illuminate/Pipeline/Pipeline.php(103): call_user_func(Object(Closure), Object(Illuminate\Http\Request))
#13 /var/www/html/EmployeeManagement-master/vendor/laravel/framework/src/Illuminate/Routing/ControllerDispatcher.php(96): Illuminate\Pipeline\Pipeline->then(Object(Closure))
#14 /var/www/html/EmployeeManagement-master/vendor/laravel/framework/src/Illuminate/Routing/ControllerDispatcher.php(54): Illuminate\Routing\ControllerDispatcher->callWithinStack(Object(App\Http\Controllers\HomeController), Object(Illuminate\Routing\Route), Object(Illuminate\Http\Request), 'test')
#15 /var/www/html/EmployeeManagement-master/vendor/laravel/framework/src/Illuminate/Routing/Route.php(174): Illuminate\Routing\ControllerDispatcher->dispatch(Object(Illuminate\Routing\Route), Object(Illuminate\Http\Request), 'App\\Http\\Contro...', 'test')
#16 /var/www/html/EmployeeManagement-master/vendor/laravel/framework/src/Illuminate/Routing/Route.php(140): Illuminate\Routing\Route->runController(Object(Illuminate\Http\Request))
#17 /var/www/html/EmployeeManagement-master/vendor/laravel/framework/src/Illuminate/Routing/Router.php(703): Illuminate\Routing\Route->run(Object(Illuminate\Http\Request))
#18 [internal function]: Illuminate\Routing\Router->Illuminate\Routing\{closure}(Object(Illuminate\Http\Request))
#19 /var/www/html/EmployeeManagement-master/vendor/laravel/framework/src/Illuminate/Routing/Pipeline.php(52): call_user_func(Object(Closure), Object(Illuminate\Http\Request))
#20 [internal function]: Illuminate\Routing\Pipeline->Illuminate\Routing\{closure}(Object(Illuminate\Http\Request))
#21 /var/www/html/EmployeeManagement-master/vendor/laravel/framework/src/Illuminate/Pipeline/Pipeline.php(103): call_user_func(Object(Closure), Object(Illuminate\Http\Request))
#22 /var/www/html/EmployeeManagement-master/vendor/laravel/framework/src/Illuminate/Routing/Router.php(705): Illuminate\Pipeline\Pipeline->then(Object(Closure))
#23 /var/www/html/EmployeeManagement-master/vendor/laravel/framework/src/Illuminate/Routing/Router.php(678): Illuminate\Routing\Router->runRouteWithinStack(Object(Illuminate\Routing\Route), Object(Illuminate\Http\Request))
#24 /var/www/html/EmployeeManagement-master/vendor/laravel/framework/src/Illuminate/Routing/Router.php(654): Illuminate\Routing\Router->dispatchToRoute(Object(Illuminate\Http\Request))
#25 /var/www/html/EmployeeManagement-master/vendor/laravel/framework/src/Illuminate/Foundation/Http/Kernel.php(246): Illuminate\Routing\Router->dispatch(Object(Illuminate\Http\Request))
#26 [internal function]: Illuminate\Foundation\Http\Kernel->Illuminate\Foundation\Http\{closure}(Object(Illuminate\Http\Request))
#27 /var/www/html/EmployeeManagement-master/vendor/laravel/framework/src/Illuminate/Routing/Pipeline.php(52): call_user_func(Object(Closure), Object(Illuminate\Http\Request))
#28 /var/www/html/EmployeeManagement-master/vendor/laravel/framework/src/Illuminate/Foundation/Http/Middleware/CheckForMaintenanceMode.php(44): Illuminate\Routing\Pipeline->Illuminate\Routing\{closure}(Object(Illuminate\Http\Request))
#29 [internal function]: Illuminate\Foundation\Http\Middleware\CheckForMaintenanceMode->handle(Object(Illuminate\Http\Request), Object(Closure))
#30 /var/www/html/EmployeeManagement-master/vendor/laravel/framework/src/Illuminate/Pipeline/Pipeline.php(124): call_user_func_array(Array, Array)
#31 [internal function]: Illuminate\Pipeline\Pipeline->Illuminate\Pipeline\{closure}(Object(Illuminate\Http\Request))
#32 /var/www/html/EmployeeManagement-master/vendor/laravel/framework/src/Illuminate/Routing/Pipeline.php(32): call_user_func(Object(Closure), Object(Illuminate\Http\Request))
#33 [internal function]: Illuminate\Routing\Pipeline->Illuminate\Routing\{closure}(Object(Illuminate\Http\Request))
#34 /var/www/html/EmployeeManagement-master/vendor/laravel/framework/src/Illuminate/Pipeline/Pipeline.php(103): call_user_func(Object(Closure), Object(Illuminate\Http\Request))
#35 /var/www/html/EmployeeManagement-master/vendor/laravel/framework/src/Illuminate/Foundation/Http/Kernel.php(132): Illuminate\Pipeline\Pipeline->then(Object(Closure))
#36 /var/www/html/EmployeeManagement-master/vendor/laravel/framework/src/Illuminate/Foundation/Http/Kernel.php(99): Illuminate\Foundation\Http\Kernel->sendRequestThroughRouter(Object(Illuminate\Http\Request))
#37 /var/www/html/EmployeeManagement-master/public/index.php(54): Illuminate\Foundation\Http\Kernel->handle(Object(Illuminate\Http\Request))
#38 {main}  
[2016-01-28 08:58:41] local.ERROR: exception 'ErrorException' with message 'Use of undefined constant name - assumed 'name'' in /var/www/html/EmployeeManagement-master/storage/framework/views/f9ae19963285e64fcb8803d1272677de9e6ee1f6.php:8
Stack trace:
#0 /var/www/html/EmployeeManagement-master/storage/framework/views/f9ae19963285e64fcb8803d1272677de9e6ee1f6.php(8): Illuminate\Foundation\Bootstrap\HandleExceptions->handleError(8, 'Use of undefine...', '/var/www/html/E...', 8, Array)
#1 /var/www/html/EmployeeManagement-master/vendor/laravel/framework/src/Illuminate/View/Engines/PhpEngine.php(42): include('/var/www/html/E...')
#2 /var/www/html/EmployeeManagement-master/vendor/laravel/framework/src/Illuminate/View/Engines/CompilerEngine.php(59): Illuminate\View\Engines\PhpEngine->evaluatePath('/var/www/html/E...', Array)
#3 /var/www/html/EmployeeManagement-master/vendor/laravel/framework/src/Illuminate/View/View.php(135): Illuminate\View\Engines\CompilerEngine->get('/var/www/html/E...', Array)
#4 /var/www/html/EmployeeManagement-master/vendor/laravel/framework/src/Illuminate/View/View.php(106): Illuminate\View\View->getContents()
#5 /var/www/html/EmployeeManagement-master/vendor/laravel/framework/src/Illuminate/View/View.php(80): Illuminate\View\View->renderContents()
#6 /var/www/html/EmployeeManagement-master/vendor/laravel/framework/src/Illuminate/Http/Response.php(53): Illuminate\View\View->render()
#7 /var/www/html/EmployeeManagement-master/vendor/symfony/http-foundation/Response.php(197): Illuminate\Http\Response->setContent(Object(Illuminate\View\View))
#8 /var/www/html/EmployeeManagement-master/vendor/laravel/framework/src/Illuminate/Routing/Router.php(1030): Symfony\Component\HttpFoundation\Response->__construct(Object(Illuminate\View\View))
#9 /var/www/html/EmployeeManagement-master/vendor/laravel/framework/src/Illuminate/Routing/ControllerDispatcher.php(95): Illuminate\Routing\Router->prepareResponse(Object(Illuminate\Http\Request), Object(Illuminate\View\View))
#10 [internal function]: Illuminate\Routing\ControllerDispatcher->Illuminate\Routing\{closure}(Object(Illuminate\Http\Request))
#11 /var/www/html/EmployeeManagement-master/vendor/laravel/framework/src/Illuminate/Routing/Pipeline.php(52): call_user_func(Object(Closure), Object(Illuminate\Http\Request))
#12 [internal function]: Illuminate\Routing\Pipeline->Illuminate\Routing\{closure}(Object(Illuminate\Http\Request))
#13 /var/www/html/EmployeeManagement-master/vendor/laravel/framework/src/Illuminate/Pipeline/Pipeline.php(103): call_user_func(Object(Closure), Object(Illuminate\Http\Request))
#14 /var/www/html/EmployeeManagement-master/vendor/laravel/framework/src/Illuminate/Routing/ControllerDispatcher.php(96): Illuminate\Pipeline\Pipeline->then(Object(Closure))
#15 /var/www/html/EmployeeManagement-master/vendor/laravel/framework/src/Illuminate/Routing/ControllerDispatcher.php(54): Illuminate\Routing\ControllerDispatcher->callWithinStack(Object(App\Http\Controllers\HomeController), Object(Illuminate\Routing\Route), Object(Illuminate\Http\Request), 'test')
#16 /var/www/html/EmployeeManagement-master/vendor/laravel/framework/src/Illuminate/Routing/Route.php(174): Illuminate\Routing\ControllerDispatcher->dispatch(Object(Illuminate\Routing\Route), Object(Illuminate\Http\Request), 'App\\Http\\Contro...', 'test')
#17 /var/www/html/EmployeeManagement-master/vendor/laravel/framework/src/Illuminate/Routing/Route.php(140): Illuminate\Routing\Route->runController(Object(Illuminate\Http\Request))
#18 /var/www/html/EmployeeManagement-master/vendor/laravel/framework/src/Illuminate/Routing/Router.php(703): Illuminate\Routing\Route->run(Object(Illuminate\Http\Request))
#19 [internal function]: Illuminate\Routing\Router->Illuminate\Routing\{closure}(Object(Illuminate\Http\Request))
#20 /var/www/html/EmployeeManagement-master/vendor/laravel/framework/src/Illuminate/Routing/Pipeline.php(52): call_user_func(Object(Closure), Object(Illuminate\Http\Request))
#21 [internal function]: Illuminate\Routing\Pipeline->Illuminate\Routing\{closure}(Object(Illuminate\Http\Request))
#22 /var/www/html/EmployeeManagement-master/vendor/laravel/framework/src/Illuminate/Pipeline/Pipeline.php(103): call_user_func(Object(Closure), Object(Illuminate\Http\Request))
#23 /var/www/html/EmployeeManagement-master/vendor/laravel/framework/src/Illuminate/Routing/Router.php(705): Illuminate\Pipeline\Pipeline->then(Object(Closure))
#24 /var/www/html/EmployeeManagement-master/vendor/laravel/framework/src/Illuminate/Routing/Router.php(678): Illuminate\Routing\Router->runRouteWithinStack(Object(Illuminate\Routing\Route), Object(Illuminate\Http\Request))
#25 /var/www/html/EmployeeManagement-master/vendor/laravel/framework/src/Illuminate/Routing/Router.php(654): Illuminate\Routing\Router->dispatchToRoute(Object(Illuminate\Http\Request))
#26 /var/www/html/EmployeeManagement-master/vendor/laravel/framework/src/Illuminate/Foundation/Http/Kernel.php(246): Illuminate\Routing\Router->dispatch(Object(Illuminate\Http\Request))
#27 [internal function]: Illuminate\Foundation\Http\Kernel->Illuminate\Foundation\Http\{closure}(Object(Illuminate\Http\Request))
#28 /var/www/html/EmployeeManagement-master/vendor/laravel/framework/src/Illuminate/Routing/Pipeline.php(52): call_user_func(Object(Closure), Object(Illuminate\Http\Request))
#29 /var/www/html/EmployeeManagement-master/vendor/laravel/framework/src/Illuminate/Foundation/Http/Middleware/CheckForMaintenanceMode.php(44): Illuminate\Routing\Pipeline->Illuminate\Routing\{closure}(Object(Illuminate\Http\Request))
#30 [internal function]: Illuminate\Foundation\Http\Middleware\CheckForMaintenanceMode->handle(Object(Illuminate\Http\Request), Object(Closure))
#31 /var/www/html/EmployeeManagement-master/vendor/laravel/framework/src/Illuminate/Pipeline/Pipeline.php(124): call_user_func_array(Array, Array)
#32 [internal function]: Illuminate\Pipeline\Pipeline->Illuminate\Pipeline\{closure}(Object(Illuminate\Http\Request))
#33 /var/www/html/EmployeeManagement-master/vendor/laravel/framework/src/Illuminate/Routing/Pipeline.php(32): call_user_func(Object(Closure), Object(Illuminate\Http\Request))
#34 [internal function]: Illuminate\Routing\Pipeline->Illuminate\Routing\{closure}(Object(Illuminate\Http\Request))
#35 /var/www/html/EmployeeManagement-master/vendor/laravel/framework/src/Illuminate/Pipeline/Pipeline.php(103): call_user_func(Object(Closure), Object(Illuminate\Http\Request))
#36 /var/www/html/EmployeeManagement-master/vendor/laravel/framework/src/Illuminate/Foundation/Http/Kernel.php(132): Illuminate\Pipeline\Pipeline->then(Object(Closure))
#37 /var/www/html/EmployeeManagement-master/vendor/laravel/framework/src/Illuminate/Foundation/Http/Kernel.php(99): Illuminate\Foundation\Http\Kernel->sendRequestThroughRouter(Object(Illuminate\Http\Request))
#38 /var/www/html/EmployeeManagement-master/public/index.php(54): Illuminate\Foundation\Http\Kernel->handle(Object(Illuminate\Http\Request))
#39 {main}

Next exception 'ErrorException' with message 'Use of undefined constant name - assumed 'name' (View: /var/www/html/EmployeeManagement-master/resources/views/test.blade.php)' in /var/www/html/EmployeeManagement-master/storage/framework/views/f9ae19963285e64fcb8803d1272677de9e6ee1f6.php:8
Stack trace:
#0 /var/www/html/EmployeeManagement-master/vendor/laravel/framework/src/Illuminate/View/Engines/PhpEngine.php(44): Illuminate\View\Engines\CompilerEngine->handleViewException(Object(ErrorException), 1)
#1 /var/www/html/EmployeeManagement-master/vendor/laravel/framework/src/Illuminate/View/Engines/CompilerEngine.php(59): Illuminate\View\Engines\PhpEngine->evaluatePath('/var/www/html/E...', Array)
#2 /var/www/html/EmployeeManagement-master/vendor/laravel/framework/src/Illuminate/View/View.php(135): Illuminate\View\Engines\CompilerEngine->get('/var/www/html/E...', Array)
#3 /var/www/html/EmployeeManagement-master/vendor/laravel/framework/src/Illuminate/View/View.php(106): Illuminate\View\View->getContents()
#4 /var/www/html/EmployeeManagement-master/vendor/laravel/framework/src/Illuminate/View/View.php(80): Illuminate\View\View->renderContents()
#5 /var/www/html/EmployeeManagement-master/vendor/laravel/framework/src/Illuminate/Http/Response.php(53): Illuminate\View\View->render()
#6 /var/www/html/EmployeeManagement-master/vendor/symfony/http-foundation/Response.php(197): Illuminate\Http\Response->setContent(Object(Illuminate\View\View))
#7 /var/www/html/EmployeeManagement-master/vendor/laravel/framework/src/Illuminate/Routing/Router.php(1030): Symfony\Component\HttpFoundation\Response->__construct(Object(Illuminate\View\View))
#8 /var/www/html/EmployeeManagement-master/vendor/laravel/framework/src/Illuminate/Routing/ControllerDispatcher.php(95): Illuminate\Routing\Router->prepareResponse(Object(Illuminate\Http\Request), Object(Illuminate\View\View))
#9 [internal function]: Illuminate\Routing\ControllerDispatcher->Illuminate\Routing\{closure}(Object(Illuminate\Http\Request))
#10 /var/www/html/EmployeeManagement-master/vendor/laravel/framework/src/Illuminate/Routing/Pipeline.php(52): call_user_func(Object(Closure), Object(Illuminate\Http\Request))
#11 [internal function]: Illuminate\Routing\Pipeline->Illuminate\Routing\{closure}(Object(Illuminate\Http\Request))
#12 /var/www/html/EmployeeManagement-master/vendor/laravel/framework/src/Illuminate/Pipeline/Pipeline.php(103): call_user_func(Object(Closure), Object(Illuminate\Http\Request))
#13 /var/www/html/EmployeeManagement-master/vendor/laravel/framework/src/Illuminate/Routing/ControllerDispatcher.php(96): Illuminate\Pipeline\Pipeline->then(Object(Closure))
#14 /var/www/html/EmployeeManagement-master/vendor/laravel/framework/src/Illuminate/Routing/ControllerDispatcher.php(54): Illuminate\Routing\ControllerDispatcher->callWithinStack(Object(App\Http\Controllers\HomeController), Object(Illuminate\Routing\Route), Object(Illuminate\Http\Request), 'test')
#15 /var/www/html/EmployeeManagement-master/vendor/laravel/framework/src/Illuminate/Routing/Route.php(174): Illuminate\Routing\ControllerDispatcher->dispatch(Object(Illuminate\Routing\Route), Object(Illuminate\Http\Request), 'App\\Http\\Contro...', 'test')
#16 /var/www/html/EmployeeManagement-master/vendor/laravel/framework/src/Illuminate/Routing/Route.php(140): Illuminate\Routing\Route->runController(Object(Illuminate\Http\Request))
#17 /var/www/html/EmployeeManagement-master/vendor/laravel/framework/src/Illuminate/Routing/Router.php(703): Illuminate\Routing\Route->run(Object(Illuminate\Http\Request))
#18 [internal function]: Illuminate\Routing\Router->Illuminate\Routing\{closure}(Object(Illuminate\Http\Request))
#19 /var/www/html/EmployeeManagement-master/vendor/laravel/framework/src/Illuminate/Routing/Pipeline.php(52): call_user_func(Object(Closure), Object(Illuminate\Http\Request))
#20 [internal function]: Illuminate\Routing\Pipeline->Illuminate\Routing\{closure}(Object(Illuminate\Http\Request))
#21 /var/www/html/EmployeeManagement-master/vendor/laravel/framework/src/Illuminate/Pipeline/Pipeline.php(103): call_user_func(Object(Closure), Object(Illuminate\Http\Request))
#22 /var/www/html/EmployeeManagement-master/vendor/laravel/framework/src/Illuminate/Routing/Router.php(705): Illuminate\Pipeline\Pipeline->then(Object(Closure))
#23 /var/www/html/EmployeeManagement-master/vendor/laravel/framework/src/Illuminate/Routing/Router.php(678): Illuminate\Routing\Router->runRouteWithinStack(Object(Illuminate\Routing\Route), Object(Illuminate\Http\Request))
#24 /var/www/html/EmployeeManagement-master/vendor/laravel/framework/src/Illuminate/Routing/Router.php(654): Illuminate\Routing\Router->dispatchToRoute(Object(Illuminate\Http\Request))
#25 /var/www/html/EmployeeManagement-master/vendor/laravel/framework/src/Illuminate/Foundation/Http/Kernel.php(246): Illuminate\Routing\Router->dispatch(Object(Illuminate\Http\Request))
#26 [internal function]: Illuminate\Foundation\Http\Kernel->Illuminate\Foundation\Http\{closure}(Object(Illuminate\Http\Request))
#27 /var/www/html/EmployeeManagement-master/vendor/laravel/framework/src/Illuminate/Routing/Pipeline.php(52): call_user_func(Object(Closure), Object(Illuminate\Http\Request))
#28 /var/www/html/EmployeeManagement-master/vendor/laravel/framework/src/Illuminate/Foundation/Http/Middleware/CheckForMaintenanceMode.php(44): Illuminate\Routing\Pipeline->Illuminate\Routing\{closure}(Object(Illuminate\Http\Request))
#29 [internal function]: Illuminate\Foundation\Http\Middleware\CheckForMaintenanceMode->handle(Object(Illuminate\Http\Request), Object(Closure))
#30 /var/www/html/EmployeeManagement-master/vendor/laravel/framework/src/Illuminate/Pipeline/Pipeline.php(124): call_user_func_array(Array, Array)
#31 [internal function]: Illuminate\Pipeline\Pipeline->Illuminate\Pipeline\{closure}(Object(Illuminate\Http\Request))
#32 /var/www/html/EmployeeManagement-master/vendor/laravel/framework/src/Illuminate/Routing/Pipeline.php(32): call_user_func(Object(Closure), Object(Illuminate\Http\Request))
#33 [internal function]: Illuminate\Routing\Pipeline->Illuminate\Routing\{closure}(Object(Illuminate\Http\Request))
#34 /var/www/html/EmployeeManagement-master/vendor/laravel/framework/src/Illuminate/Pipeline/Pipeline.php(103): call_user_func(Object(Closure), Object(Illuminate\Http\Request))
#35 /var/www/html/EmployeeManagement-master/vendor/laravel/framework/src/Illuminate/Foundation/Http/Kernel.php(132): Illuminate\Pipeline\Pipeline->then(Object(Closure))
#36 /var/www/html/EmployeeManagement-master/vendor/laravel/framework/src/Illuminate/Foundation/Http/Kernel.php(99): Illuminate\Foundation\Http\Kernel->sendRequestThroughRouter(Object(Illuminate\Http\Request))
#37 /var/www/html/EmployeeManagement-master/public/index.php(54): Illuminate\Foundation\Http\Kernel->handle(Object(Illuminate\Http\Request))
#38 {main}  
